<?xml version="1.0" encoding="UTF-8"?>
<!-- Generated by org.testng.reporters.JUnitReportReporter -->
<testsuite hostname="DESKTOP-ASV8EC3" failures="0" tests="1" name="Practice.Test1" time="0.055" errors="0" timestamp="2023-01-04T08:13:54 IST" skipped="0">
  <testcase classname="Practice.Test1" name="Test2" time="0.055"/>
</testsuite> <!-- Practice.Test1 -->
